
> react-typescript-starter@0.1.0 test
> react-scripts test "--coverage"

PASS src/functions.test.ts
PASS src/text.test.tsx
PASS src/App.test.tsx
--------------|---------|----------|---------|---------|-------------------
File          | % Stmts | % Branch | % Funcs | % Lines | Uncovered Line #s 
--------------|---------|----------|---------|---------|-------------------
All files     |   95.65 |      100 |   85.71 |   95.65 |                   
 App.tsx      |      50 |      100 |      50 |      50 | 22                
 functions.ts |     100 |      100 |     100 |     100 |                   
--------------|---------|----------|---------|---------|-------------------

Test Suites: 3 passed, 3 total
Tests:       7 passed, 7 total
Snapshots:   0 total
Time:        2.641 s
Ran all test suites.
